 line   address	contents
    1                      ; Linked by DLX-LD.
    2                      ; MemSize 24576
    3                      ; Data size: 121
    4                      ; Text size: 5320
    5                      ; Stack size: 8192
    6  00000000          	.text 0x1000
    7  00001000          	.data 0x3000
    8                      ; Compiled by GCC
    9  00003000          	.text
   10  00001000          	.align 2
   11  00001000          	.proc _isspace
   12  00001000          	.global _isspace
   13  00001000          	_isspace:
   14                      ;  Function 'isspace'; 0 bytes of locals, 1 regs to save.
   15  00001000  afbefffc	sw	-4(r29),r30; push fp
   16  00001004  001df020	add	r30,r0,r29; fp = sp
   17  00001008  afbffff8	sw	-8(r29),r31; push ret addr
   18  0000100c  2fbd0010	subui	r29,r29,#16; alloc local storage
   19  00001010  afa20000	sw	0(r29),r2
   20  00001014  83c20003	lb	r2,3(r30)
   21  00001018  201f0000	addi	r31,r0,#0
   22  0000101c  304100ff	andi	r1,r2,#0x00ff
   23  00001020  60210020	seqi	r1,r1,#32
   24  00001024  14200018	bnez	r1,L6_LF0
   25  00001028  54000000	nop; not filled.
   26  0000102c  2041fff7	addi	r1,r2,#-9
   27  00001030  302100ff	andi	r1,r1,#0x00ff
   28  00001034  70210001	sleui	r1,r1,#1
   29  00001038  10200008	beqz	r1,L5_LF0
   30  0000103c  54000000	nop; not filled.
   31  00001040          	L6_LF0:
   32  00001040  201f0001	addi	r31,r0,#1
   33  00001044          	L5_LF0:
   34  00001044  001f0820	add	r1,r0,r31
   35  00001048  8fa20000	lw	r2,0(r29)
   36  0000104c  8fdffff8	lw	r31,-8(r30)
   37  00001050  001ee820	add	r29,r0,r30
   38  00001054  8fdefffc	lw	r30,-4(r30)
   39  00001058  4be00000	jr	r31
   40  0000105c  54000000	nop
   41  00001060          	.endproc _isspace
   42  00001060          	.align 2
   43  00001060          	.proc _isxdigit
   44  00001060          	.global _isxdigit
   45  00001060          	_isxdigit:
   46                      ;  Function 'isxdigit'; 0 bytes of locals, 1 regs to save.
   47  00001060  afbefffc	sw	-4(r29),r30; push fp
   48  00001064  001df020	add	r30,r0,r29; fp = sp
   49  00001068  afbffff8	sw	-8(r29),r31; push ret addr
   50  0000106c  2fbd0010	subui	r29,r29,#16; alloc local storage
   51  00001070  afa20000	sw	0(r29),r2
   52  00001074  83df0003	lb	r31,3(r30)
   53  00001078  20020000	addi	r2,r0,#0
   54  0000107c  23e1ffd0	addi	r1,r31,#-48
   55  00001080  302100ff	andi	r1,r1,#0x00ff
   56  00001084  70210009	sleui	r1,r1,#9
   57  00001088  14200028	bnez	r1,L12_LF0
   58  0000108c  54000000	nop; not filled.
   59  00001090  23e1ff9f	addi	r1,r31,#-97
   60  00001094  302100ff	andi	r1,r1,#0x00ff
   61  00001098  70210005	sleui	r1,r1,#5
   62  0000109c  14200014	bnez	r1,L12_LF0
   63  000010a0  54000000	nop; not filled.
   64  000010a4  33e100ff	andi	r1,r31,#0x00ff
   65  000010a8  64210041	snei	r1,r1,#65
   66  000010ac  14200008	bnez	r1,L11_LF0
   67  000010b0  54000000	nop; not filled.
   68  000010b4          	L12_LF0:
   69  000010b4  20020001	addi	r2,r0,#1
   70  000010b8          	L11_LF0:
   71  000010b8  00020820	add	r1,r0,r2
   72  000010bc  8fa20000	lw	r2,0(r29)
   73  000010c0  8fdffff8	lw	r31,-8(r30)
   74  000010c4  001ee820	add	r29,r0,r30
   75  000010c8  8fdefffc	lw	r30,-4(r30)
   76  000010cc  4be00000	jr	r31
   77  000010d0  54000000	nop
   78  000010d4          	.endproc _isxdigit
   79  000010d4          	.align 2
   80  000010d4          	.proc _ceil
   81  000010d4          	.global _ceil
   82  000010d4          	_ceil:
   83                      ;  Function 'ceil'; 0 bytes of locals, 0 regs to save.
   84  000010d4  afbefffc	sw	-4(r29),r30; push fp
   85  000010d8  001df020	add	r30,r0,r29; fp = sp
   86  000010dc  afbffff8	sw	-8(r29),r31; push ret addr
   87  000010e0  2fbd0008	subui	r29,r29,#8; alloc local storage
   88  000010e4  9bc00000	lf	f0,(r30)
   89  000010e8  04000809	cvtf2i	f1,f0
   90  000010ec  00200834	movfp2i	r1,f1
   92  000010f0  00200835	movi2fp	f1,r1
   93  000010f4  0420080c	cvti2f	f1,f1
   94  000010f8  04010010	eqf	f0,f1
   95  000010fc  18000008	bfpt	L16_LF0
   96  00001100  54000000	nop; not filled.
   97  00001104  20210001	addi	r1,r1,#1
   98  00001108          	L16_LF0:
   99  00001108  8fdffff8	lw	r31,-8(r30)
  100  0000110c  001ee820	add	r29,r0,r30
  101  00001110  8fdefffc	lw	r30,-4(r30)
  102  00001114  4be00000	jr	r31
  103  00001118  54000000	nop
  104  0000111c          	.endproc _ceil
  105  0000111c          	.align 2
  106  0000111c          	.proc _StrCmp
  107  0000111c          	.global _StrCmp
  108  0000111c          	_StrCmp:
  109                      ;  Function 'StrCmp'; 0 bytes of locals, 2 regs to save.
  110  0000111c  afbefffc	sw	-4(r29),r30; push fp
  111  00001120  001df020	add	r30,r0,r29; fp = sp
  112  00001124  afbffff8	sw	-8(r29),r31; push ret addr
  113  00001128  2fbd0010	subui	r29,r29,#16; alloc local storage
  114  0000112c  afa20000	sw	0(r29),r2
  115  00001130  afa30004	sw	4(r29),r3
  116  00001134  8fdf0000	lw	r31,(r30)
  117  00001138  8fc30004	lw	r3,4(r30)
  118  0000113c  08000028	j	L31_LF0
  119  00001140  54000000	nop; not filled.
  120  00001144          	L27_LF0:
  121  00001144  93e10000	lbu	r1,(r31)
  122  00001148  64210000	snei	r1,r1,#0
  123  0000114c  14200010	bnez	r1,L28_LF0
  124  00001150  54000000	nop; not filled.
  125  00001154  20010001	addi	r1,r0,#1
  126  00001158  08000024	j	L30_LF0
  127  0000115c  54000000	nop; not filled.
  128  00001160          	L28_LF0:
  129  00001160  20630001	addi	r3,r3,#1
  130  00001164  23ff0001	addi	r31,r31,#1
  131  00001168          	L31_LF0:
  132  00001168  93e10000	lbu	r1,(r31)
  133  0000116c  90620000	lbu	r2,(r3)
  134  00001170  00220828	seq	r1,r1,r2
  135  00001174  1420ffcc	bnez	r1,L27_LF0
  136  00001178  54000000	nop; not filled.
  137  0000117c  20010000	addi	r1,r0,#0
  138  00001180          	L30_LF0:
  139  00001180  8fa20000	lw	r2,0(r29)
  140  00001184  8fa30004	lw	r3,4(r29)
  141  00001188  8fdffff8	lw	r31,-8(r30)
  142  0000118c  001ee820	add	r29,r0,r30
  143  00001190  8fdefffc	lw	r30,-4(r30)
  144  00001194  4be00000	jr	r31
  145  00001198  54000000	nop
  146  0000119c          	.endproc _StrCmp
  147  0000119c          	.data
  148  00003000          	.align 2
  149  00003000          	LC0_LF0:
  150  00003000  66696c65	.ascii "file2.txt\000"
  150  00003004  322e7478	
  150  00003008  7400    	
  151  0000300a          	.align 2
  152  0000300c          	LC1_LF0:
  153  0000300c  66696c65	.ascii "file1.txt\000"
  153  00003010  312e7478	
  153  00003014  7400    	
  154  00003016          	.align 2
  155  00003018          	LC2_LF0:
  156  00003018  61626331	.ascii "abc111.txt\000"
  156  0000301c  31312e74	
  156  00003020  787400  	
  157  00003023          	.align 2
  158  00003024          	LC3_LF0:
  159  00003024  7700    	.ascii "w\000"
  160  00003026          	.align 2
  161  00003028          	LC4_LF0:
  162  00003028  57726f74	.ascii "Wrote 1024 B to file new.txt\n\000"
  162  0000302c  65203130	
  162  00003030  32342042	
  162  00003034  20746f20	
  162  00003038  66696c65	
  162  0000303c  206e6577	
  162  00003040  2e747874	
  162  00003044  0a00    	
  163  00003046          	.align 2
  164  00003048          	LC5_LF0:
  165  00003048  7200    	.ascii "r\000"
  166  0000304a          	.align 2
  167  0000304c          	LC6_LF0:
  168  0000304c  73756363	.ascii "successfully opened with fd number:%d\n\000"
  168  00003050  65737366	
  168  00003054  756c6c79	
  168  00003058  206f7065	
  168  0000305c  6e656420	
  168  00003060  77697468	
  168  00003064  20666420	
  168  00003068  6e756d62	
  168  0000306c  65723a25	
  168  00003070  640a00  	
  169  00003073          	.align 2
  170  00003074          	LC7_LF0:
  171  00003074  2563202c	.ascii "%c ,\000"
  171  00003078  00      	
  172  00003079          	.text
  173  0000119c          	.align 2
  174  0000119c          	.proc _main
  175  0000119c          	.global _main
  176  0000119c          	_main:
  177                      ;  Function 'main'; 2080 bytes of locals, 0 regs to save.
  178  0000119c  afbefffc	sw	-4(r29),r30; push fp
  179  000011a0  001df020	add	r30,r0,r29; fp = sp
  180  000011a4  afbffff8	sw	-8(r29),r31; push ret addr
  181  000011a8  2fbd0828	subui	r29,r29,#2088; alloc local storage
  182  000011ac  0c001310	jal	___main
  183  000011b0  54000000	nop; not filled.
  184  000011b4  3c010000	lhi	r1,((LC0_LF0)>>16)&0xffff
  185  000011b8  24213000	addui	r1,r1,(LC0_LF0)&0xffff
  186  000011bc  80250000	lb	r5,(r1)
  187  000011c0  a3c5ffe8	sb	-24(r30),r5
  188  000011c4  80250001	lb	r5,1(r1)
  189  000011c8  a3c5ffe9	sb	-23(r30),r5
  190  000011cc  80250002	lb	r5,2(r1)
  191  000011d0  a3c5ffea	sb	-22(r30),r5
  192  000011d4  80250003	lb	r5,3(r1)
  193  000011d8  a3c5ffeb	sb	-21(r30),r5
  194  000011dc  80250004	lb	r5,4(r1)
  195  000011e0  a3c5ffec	sb	-20(r30),r5
  196  000011e4  80250005	lb	r5,5(r1)
  197  000011e8  a3c5ffed	sb	-19(r30),r5
  198  000011ec  80250006	lb	r5,6(r1)
  199  000011f0  a3c5ffee	sb	-18(r30),r5
  200  000011f4  80250007	lb	r5,7(r1)
  201  000011f8  a3c5ffef	sb	-17(r30),r5
  202  000011fc  80250008	lb	r5,8(r1)
  203  00001200  a3c5fff0	sb	-16(r30),r5
  204  00001204  80210009	lb	r1,9(r1)
  205  00001208  a3c1fff1	sb	-15(r30),r1
  206  0000120c  23c1fff2	addi	r1,r30,#-14
  207  00001210  23bdfff8	addi	r29,r29,#-8
  208  00001214  afa10000	sw	(r29),r1
  209  00001218  20050002	addi	r5,r0,#2
  210  0000121c  afa50004	sw	4(r29),r5
  211  00001220  0c00117c	jal	_bzero
  212  00001224  54000000	nop; not filled.
  213  00001228  23bd0008	addi	r29,r29,#8
  214  0000122c  3c010000	lhi	r1,((LC1_LF0)>>16)&0xffff
  215  00001230  2421300c	addui	r1,r1,(LC1_LF0)&0xffff
  216  00001234  80250000	lb	r5,(r1)
  217  00001238  a3c5ffd8	sb	-40(r30),r5
  218  0000123c  80250001	lb	r5,1(r1)
  219  00001240  a3c5ffd9	sb	-39(r30),r5
  220  00001244  80250002	lb	r5,2(r1)
  221  00001248  a3c5ffda	sb	-38(r30),r5
  222  0000124c  80250003	lb	r5,3(r1)
  223  00001250  a3c5ffdb	sb	-37(r30),r5
  224  00001254  80250004	lb	r5,4(r1)
  225  00001258  a3c5ffdc	sb	-36(r30),r5
  226  0000125c  80250005	lb	r5,5(r1)
  227  00001260  a3c5ffdd	sb	-35(r30),r5
  228  00001264  80250006	lb	r5,6(r1)
  229  00001268  a3c5ffde	sb	-34(r30),r5
  230  0000126c  80250007	lb	r5,7(r1)
  231  00001270  a3c5ffdf	sb	-33(r30),r5
  232  00001274  80250008	lb	r5,8(r1)
  233  00001278  a3c5ffe0	sb	-32(r30),r5
  234  0000127c  80210009	lb	r1,9(r1)
  235  00001280  a3c1ffe1	sb	-31(r30),r1
  236  00001284  23c1ffe2	addi	r1,r30,#-30
  237  00001288  23bdfff8	addi	r29,r29,#-8
  238  0000128c  afa10000	sw	(r29),r1
  239  00001290  20050002	addi	r5,r0,#2
  240  00001294  afa50004	sw	4(r29),r5
  241  00001298  0c001104	jal	_bzero
  242  0000129c  54000000	nop; not filled.
  243  000012a0  23bd0008	addi	r29,r29,#8
  244  000012a4  23c2fbd8	addi	r2,r30,#-1064
  245  000012a8  23dfffd7	addi	r31,r30,#-41
  246  000012ac          	L36_LF0:
  247  000012ac  20050040	addi	r5,r0,(#0x40)&0xff
  248  000012b0  a0450000	sb	(r2),r5
  249  000012b4  20420001	addi	r2,r2,#1
  250  000012b8  005f082c	sle	r1,r2,r31
  251  000012bc  1420ffec	bnez	r1,L36_LF0
  252  000012c0  54000000	nop; not filled.
  253  000012c4  23bdfff8	addi	r29,r29,#-8
  254  000012c8  3c020000	lhi	r2,((LC2_LF0)>>16)&0xffff
  255  000012cc  24423018	addui	r2,r2,(LC2_LF0)&0xffff
  256  000012d0  afa20000	sw	(r29),r2
  257  000012d4  3c010000	lhi	r1,((LC3_LF0)>>16)&0xffff
  258  000012d8  24213024	addui	r1,r1,(LC3_LF0)&0xffff
  259  000012dc  afa10004	sw	4(r29),r1
  260  000012e0  0c0002a4	jal	_file_open
  261  000012e4  54000000	nop; not filled.
  262  000012e8  00011820	add	r3,r0,r1
  263  000012ec  23bdfff8	addi	r29,r29,#-8
  264  000012f0  afa30000	sw	(r29),r3
  265  000012f4  23c1fbd8	addi	r1,r30,#-1064
  266  000012f8  afa10004	sw	4(r29),r1
  267  000012fc  20050400	addi	r5,r0,#1024
  268  00001300  afa50008	sw	8(r29),r5
  269  00001304  0c0002b0	jal	_file_write
  270  00001308  54000000	nop; not filled.
  271  0000130c  3c050000	lhi	r5,((LC4_LF0)>>16)&0xffff
  272  00001310  24a53028	addui	r5,r5,(LC4_LF0)&0xffff
  273  00001314  afa50000	sw	(r29),r5
  274  00001318  0c000128	jal	_Printf
  275  0000131c  54000000	nop; not filled.
  276  00001320  afa30000	sw	(r29),r3
  277  00001324  0c00026c	jal	_file_close
  278  00001328  54000000	nop; not filled.
  279  0000132c  afa20000	sw	(r29),r2
  280  00001330  3c010000	lhi	r1,((LC5_LF0)>>16)&0xffff
  281  00001334  24213048	addui	r1,r1,(LC5_LF0)&0xffff
  282  00001338  afa10004	sw	4(r29),r1
  283  0000133c  0c000248	jal	_file_open
  284  00001340  54000000	nop; not filled.
  285  00001344  00011820	add	r3,r0,r1
  286  00001348  afa10000	sw	(r29),r1
  287  0000134c  23c2f7d8	addi	r2,r30,#-2088
  288  00001350  afa20004	sw	4(r29),r2
  289  00001354  20050400	addi	r5,r0,#1024
  290  00001358  afa50008	sw	8(r29),r5
  291  0000135c  0c00024c	jal	_file_read
  292  00001360  54000000	nop; not filled.
  293  00001364  3c050000	lhi	r5,((LC6_LF0)>>16)&0xffff
  294  00001368  24a5304c	addui	r5,r5,(LC6_LF0)&0xffff
  295  0000136c  afa50000	sw	(r29),r5
  296  00001370  afa10004	sw	4(r29),r1
  297  00001374  0c0000cc	jal	_Printf
  298  00001378  54000000	nop; not filled.
  299  0000137c  23bd0010	addi	r29,r29,#16
  300  00001380  23c4fbd7	addi	r4,r30,#-1065
  301  00001384          	L41_LF0:
  302  00001384  23bdfff8	addi	r29,r29,#-8
  303  00001388  3c050000	lhi	r5,((LC7_LF0)>>16)&0xffff
  304  0000138c  24a53074	addui	r5,r5,(LC7_LF0)&0xffff
  305  00001390  afa50000	sw	(r29),r5
  306  00001394  90410000	lbu	r1,(r2)
  307  00001398  afa10004	sw	4(r29),r1
  308  0000139c  0c0000a4	jal	_Printf
  309  000013a0  54000000	nop; not filled.
  310  000013a4  23bd0008	addi	r29,r29,#8
  311  000013a8  20420001	addi	r2,r2,#1
  312  000013ac  0044082c	sle	r1,r2,r4
  313  000013b0  1420ffd0	bnez	r1,L41_LF0
  314  000013b4  54000000	nop; not filled.
  315  000013b8  23bdfff0	addi	r29,r29,#-16
  316  000013bc  afa30000	sw	(r29),r3
  317  000013c0  23c1f7d8	addi	r1,r30,#-2088
  318  000013c4  afa10004	sw	4(r29),r1
  319  000013c8  20050400	addi	r5,r0,#1024
  320  000013cc  afa50008	sw	8(r29),r5
  321  000013d0  0c0001d8	jal	_file_read
  322  000013d4  54000000	nop; not filled.
  323  000013d8  3c050000	lhi	r5,((LC6_LF0)>>16)&0xffff
  324  000013dc  24a5304c	addui	r5,r5,(LC6_LF0)&0xffff
  325  000013e0  afa50000	sw	(r29),r5
  326  000013e4  afa10004	sw	4(r29),r1
  327  000013e8  0c000058	jal	_Printf
  328  000013ec  54000000	nop; not filled.
  329  000013f0  23bd0010	addi	r29,r29,#16
  330  000013f4  0c0010bc	jal	_exit
  331  000013f8  54000000	nop
  332  000013fc          	.endproc _main
  333                      ;;;
  334                      ;;; Stub functions for DLX traps.
  335                      ;;;
  336                      ;;; Ethan L. Miller, 1999.  Released to the public domain.
  337                      ;;;
  338                      ;;; The traps such as Open and Close
  339                      ;;; (note the capital letters) are for use by user programs.  The traps
  340                      ;;; with names such as open and close (lower case) are for use by the OS.
  341                      ;;;
  344  000013fc          	.align 2
  346                      ;;; The following are the traps to be used by user-level programs
  347                      ;;;
  349  000013fc          	.align 2
  350  000013fc          	.proc _Open
  351  000013fc          	.global _Open
  352  000013fc          	_Open:
  353                      ;;; Note that trap #0x213 actually causes a trap vector in the OS of
  354                      ;;; 0x1213.  The same is true for other user traps.  Thus, a user trap
  355                      ;;; with trap #0x240 will result in a trap vector of 0x1240 in the OS.
  356  000013fc  44000213	trap	#0x213
  357  00001400  4be00000	jr	r31
  358  00001404  54000000	nop
  359  00001408          	.endproc _Open
  361  00001408          	.proc _Close
  362  00001408          	.global _Close
  363  00001408          	_Close:
  364  00001408  44000214	trap	#0x214
  365  0000140c  4be00000	jr	r31
  366  00001410  54000000	nop
  367  00001414          	.endproc _Close
  369  00001414          	.proc _Read
  370  00001414          	.global _Read
  371  00001414          	_Read:
  372  00001414  44000210	trap	#0x210
  373  00001418  4be00000	jr	r31
  374  0000141c  54000000	nop
  375  00001420          	.endproc _Read
  377  00001420          	.proc _Write
  378  00001420          	.global _Write
  379  00001420          	_Write:
  380  00001420  44000211	trap	#0x211
  381  00001424  4be00000	jr	r31
  382  00001428  54000000	nop
  383  0000142c          	.endproc _Write
  385  0000142c          	.proc _Lseek
  386  0000142c          	.global _Lseek
  387  0000142c          	_Lseek:
  388  0000142c  44000212	trap	#0x212
  389  00001430  4be00000	jr	r31
  390  00001434  54000000	nop
  391  00001438          	.endproc _Lseek
  393  00001438          	.proc _Putchar
  394  00001438          	.global _Putchar
  395  00001438          	_Putchar:
  396  00001438  44000280	trap	#0x280
  397  0000143c  4be00000	jr	r31
  398  00001440  54000000	nop
  399  00001444          	.endproc _Putchar
  401  00001444          	.proc _Printf
  402  00001444          	.global _Printf
  403  00001444          	_Printf:
  404  00001444  44000201	trap	#0x201
  405  00001448  4be00000	jr	r31
  406  0000144c  54000000	nop
  407  00001450          	.endproc _Printf
  409  00001450          	.proc _getpid
  410  00001450          	.global _getpid
  411  00001450          	_getpid:
  412  00001450  44000431	trap	#0x431
  413  00001454  4be00000	jr	r31
  414  00001458  54000000	nop
  415  0000145c          	.endproc _getpid
  417  0000145c          	.proc _process_create
  418  0000145c          	.global _process_create
  419  0000145c          	_process_create:
  420  0000145c  44000432	trap	#0x432
  421  00001460  4be00000	jr	r31
  422  00001464  54000000	nop
  423  00001468          	.endproc _process_create
  425  00001468          	.proc _shmget
  426  00001468          	.global _shmget
  427  00001468          	_shmget:
  428  00001468  44000440	trap	#0x440
  429  0000146c  4be00000	jr	r31
  430  00001470  54000000	nop
  431  00001474          	.endproc _shmget
  433  00001474          	.proc _shmat
  434  00001474          	.global _shmat
  435  00001474          	_shmat:
  436  00001474  44000441	trap	#0x441
  437  00001478  4be00000	jr	r31
  438  0000147c  54000000	nop
  439  00001480          	.endproc _shmat
  441  00001480          	.proc _sem_create
  442  00001480          	.global _sem_create
  443  00001480          	_sem_create:
  444  00001480  44000450	trap	#0x450
  445  00001484  4be00000	jr	r31
  446  00001488  54000000	nop
  447  0000148c          	.endproc _sem_create
  449  0000148c          	.proc _sem_wait
  450  0000148c          	.global _sem_wait
  451  0000148c          	_sem_wait:
  452  0000148c  44000451	trap	#0x451
  453  00001490  4be00000	jr	r31
  454  00001494  54000000	nop
  455  00001498          	.endproc _sem_wait
  457  00001498          	.proc _sem_signal
  458  00001498          	.global _sem_signal
  459  00001498          	_sem_signal:
  460  00001498  44000452	trap	#0x452
  461  0000149c  4be00000	jr	r31
  462  000014a0  54000000	nop
  463  000014a4          	.endproc _sem_signal
  465  000014a4          	.proc _lock_create
  466  000014a4          	.global _lock_create
  467  000014a4          	_lock_create:
  468  000014a4  44000453	trap	#0x453
  469  000014a8  4be00000	jr	r31
  470  000014ac  54000000	nop
  471  000014b0          	.endproc _lock_create
  473  000014b0          	.proc _lock_acquire
  474  000014b0          	.global _lock_acquire
  475  000014b0          	_lock_acquire:
  476  000014b0  44000454	trap	#0x454
  477  000014b4  4be00000	jr	r31
  478  000014b8  54000000	nop
  479  000014bc          	.endproc _lock_acquire
  481  000014bc          	.proc _lock_release
  482  000014bc          	.global _lock_release
  483  000014bc          	_lock_release:
  484  000014bc  44000455	trap	#0x455
  485  000014c0  4be00000	jr	r31
  486  000014c4  54000000	nop
  487  000014c8          	.endproc _lock_release
  489  000014c8          	.proc _cond_create
  490  000014c8          	.global _cond_create
  491  000014c8          	_cond_create:
  492  000014c8  44000456	trap	#0x456
  493  000014cc  4be00000	jr	r31
  494  000014d0  54000000	nop
  495  000014d4          	.endproc _cond_create
  497  000014d4          	.proc _cond_wait
  498  000014d4          	.global _cond_wait
  499  000014d4          	_cond_wait:
  500  000014d4  44000457	trap	#0x457
  501  000014d8  4be00000	jr	r31
  502  000014dc  54000000	nop
  503  000014e0          	.endproc _cond_wait
  505  000014e0          	.proc _cond_signal
  506  000014e0          	.global _cond_signal
  507  000014e0          	_cond_signal:
  508  000014e0  44000458	trap	#0x458
  509  000014e4  4be00000	jr	r31
  510  000014e8  54000000	nop
  511  000014ec          	.endproc _cond_signal
  513  000014ec          	.proc _cond_broadcast
  514  000014ec          	.global _cond_broadcast
  515  000014ec          	_cond_broadcast:
  516  000014ec  44000459	trap	#0x459
  517  000014f0  4be00000	jr	r31
  518  000014f4  54000000	nop
  519  000014f8          	.endproc _cond_broadcast
  521  000014f8          	.proc _mbox_create
  522  000014f8          	.global _mbox_create
  523  000014f8          	_mbox_create:
  524  000014f8  44000460	trap	#0x460
  525  000014fc  4be00000	jr	r31
  526  00001500  54000000	nop
  527  00001504          	.endproc _mbox_create
  529  00001504          	.proc _mbox_open
  530  00001504          	.global _mbox_open
  531  00001504          	_mbox_open:
  532  00001504  44000461	trap	#0x461
  533  00001508  4be00000	jr	r31
  534  0000150c  54000000	nop
  535  00001510          	.endproc _mbox_open
  537  00001510          	.proc _mbox_close
  538  00001510          	.global _mbox_close
  539  00001510          	_mbox_close:
  540  00001510  44000462	trap	#0x462
  541  00001514  4be00000	jr	r31
  542  00001518  54000000	nop
  543  0000151c          	.endproc _mbox_close
  545  0000151c          	.proc _mbox_send
  546  0000151c          	.global _mbox_send
  547  0000151c          	_mbox_send:
  548  0000151c  44000463	trap	#0x463
  549  00001520  4be00000	jr	r31
  550  00001524  54000000	nop
  551  00001528          	.endproc _mbox_send
  553  00001528          	.proc _mbox_recv
  554  00001528          	.global _mbox_recv
  555  00001528          	_mbox_recv:
  556  00001528  44000464	trap	#0x464
  557  0000152c  4be00000	jr	r31
  558  00001530  54000000	nop
  559  00001534          	.endproc _mbox_recv
  561  00001534          	.proc _sleep
  562  00001534          	.global _sleep
  563  00001534          	_sleep:
  564  00001534  44000465	trap	#0x465
  565  00001538  4be00000	jr	r31
  566  0000153c  54000000	nop
  567  00001540          	.endproc _sleep
  569  00001540          	.proc _yield
  570  00001540          	.global _yield
  571  00001540          	_yield:
  572  00001540  44000466	trap	#0x466
  573  00001544  4be00000	jr	r31
  574  00001548  54000000	nop
  575  0000154c          	.endproc _yield
  577  0000154c          	.proc _disk_write_block
  578  0000154c          	.global _disk_write_block
  579  0000154c          	_disk_write_block:
  580  0000154c  44000467	trap	#0x467
  581  00001550  4be00000	jr	r31
  582  00001554  54000000	nop
  583  00001558          	.endproc _disk_write_block
  585  00001558          	.proc _disk_size
  586  00001558          	.global _disk_size
  587  00001558          	_disk_size:
  588  00001558  44000468	trap	#0x468
  589  0000155c  4be00000	jr	r31
  590  00001560  54000000	nop
  591  00001564          	.endproc _disk_size
  593  00001564          	.proc _disk_blocksize
  594  00001564          	.global _disk_blocksize
  595  00001564          	_disk_blocksize:
  596  00001564  44000469	trap	#0x469
  597  00001568  4be00000	jr	r31
  598  0000156c  54000000	nop
  599  00001570          	.endproc _disk_blocksize
  601  00001570          	.proc _disk_create
  602  00001570          	.global _disk_create
  603  00001570          	_disk_create:
  604  00001570  44000470	trap	#0x470
  605  00001574  4be00000	jr	r31
  606  00001578  54000000	nop
  607  0000157c          	.endproc _disk_create
  609  0000157c          	.proc _dfs_invalidate
  610  0000157c          	.global _dfs_invalidate
  611  0000157c          	_dfs_invalidate:
  612  0000157c  44000471	trap	#0x471
  613  00001580  4be00000	jr	r31
  614  00001584  54000000	nop
  615  00001588          	.endproc _dfs_invalidate
  617  00001588          	.proc _file_open
  618  00001588          	.global _file_open
  619  00001588          	_file_open:
  620  00001588  44000472	trap	#0x472
  621  0000158c  4be00000	jr	r31
  622  00001590  54000000	nop
  623  00001594          	.endproc _file_open
  625  00001594          	.proc _file_close
  626  00001594          	.global _file_close
  627  00001594          	_file_close:
  628  00001594  44000473	trap	#0x473
  629  00001598  4be00000	jr	r31
  630  0000159c  54000000	nop
  631  000015a0          	.endproc _file_close
  633  000015a0          	.proc _file_delete
  634  000015a0          	.global _file_delete
  635  000015a0          	_file_delete:
  636  000015a0  44000474	trap	#0x474
  637  000015a4  4be00000	jr	r31
  638  000015a8  54000000	nop
  639  000015ac          	.endproc _file_delete
  641  000015ac          	.proc _file_read
  642  000015ac          	.global _file_read
  643  000015ac          	_file_read:
  644  000015ac  44000475	trap	#0x475
  645  000015b0  4be00000	jr	r31
  646  000015b4  54000000	nop
  647  000015b8          	.endproc _file_read
  649  000015b8          	.proc _file_write
  650  000015b8          	.global _file_write
  651  000015b8          	_file_write:
  652  000015b8  44000476	trap	#0x476
  653  000015bc  4be00000	jr	r31
  654  000015c0  54000000	nop
  655  000015c4          	.endproc _file_write
  657  000015c4          	.proc _file_seek
  658  000015c4          	.global _file_seek
  659  000015c4          	_file_seek:
  660  000015c4  44000477	trap	#0x477
  661  000015c8  4be00000	jr	r31
  662  000015cc  54000000	nop
  663  000015d0          	.endproc _file_seek
  665  000015d0          	.proc _run_os_tests
  666  000015d0          	.global _run_os_tests
  667  000015d0          	_run_os_tests:
  668  000015d0  440004ff	trap	#0x4FF
  669  000015d4  4be00000	jr	r31
  670  000015d8  54000000	nop
  671  000015dc          	.endproc _run_os_tests
  674  000015dc          	.proc _Exit
  675  000015dc          	.global _Exit
  676  000015dc          	_Exit:
  677  000015dc  44000500	trap	#0x500
  678  000015e0  4be00000	jr	r31
  679  000015e4  54000000	nop
  680  000015e8          	.endproc _Exit
  681                      ; Compiled by GCC
  683  000015e8          	.align 2
  684  000015e8          	.proc _isspace
  685  000015e8          	.global _isspace
  686  000015e8          	_isspace:
  687                      ;  Function 'isspace'; 0 bytes of locals, 3 regs to save.
  688  000015e8  afbefffc	sw	-4(r29),r30; push fp
  689  000015ec  001df020	add	r30,r0,r29; fp = sp
  690  000015f0  afbffff8	sw	-8(r29),r31; push ret addr
  691  000015f4  2fbd0018	subui	r29,r29,#24; alloc local storage
  692  000015f8  afa20000	sw	0(r29),r2
  693  000015fc  afa30004	sw	4(r29),r3
  694  00001600  afa40008	sw	8(r29),r4
  695  00001604  83c20003	lb	r2,3(r30)
  696  00001608  20010000	addi	r1,r0,#0
  697  0000160c  304300ff	andi	r3,r2,#0x00ff
  698  00001610  60640020	seqi	r4,r3,#32
  699  00001614  1480002c	bnez	r4,L3_LF2
  700  00001618  54000000	nop; delay slot nop
  701  0000161c  304300ff	andi	r3,r2,#0x00ff
  702  00001620  60640009	seqi	r4,r3,#9
  703  00001624  1480001c	bnez	r4,L3_LF2
  704  00001628  54000000	nop; delay slot nop
  705  0000162c  304300ff	andi	r3,r2,#0x00ff
  706  00001630  6064000a	seqi	r4,r3,#10
  707  00001634  1480000c	bnez	r4,L3_LF2
  708  00001638  54000000	nop; delay slot nop
  709  0000163c  08000008	j	L2_LF2
  710  00001640  54000000	nop; delay slot nop
  711  00001644          	L3_LF2:
  712  00001644  20010001	addi	r1,r0,#1
  713  00001648          	L2_LF2:
  714  00001648  08000004	j	L1_LF2
  715  0000164c  54000000	nop; delay slot nop
  716  00001650          	L1_LF2:
  717  00001650  8fa20000	lw	r2,0(r29)
  718  00001654  8fa30004	lw	r3,4(r29)
  719  00001658  8fa40008	lw	r4,8(r29)
  720  0000165c  8fdffff8	lw	r31,-8(r30)
  721  00001660  001ee820	add	r29,r0,r30
  722  00001664  8fdefffc	lw	r30,-4(r30)
  723  00001668  4be00000	jr	r31
  724  0000166c  54000000	nop
  725  00001670          	.endproc _isspace
  726  00001670          	.align 2
  727  00001670          	.proc _isxdigit
  728  00001670          	.global _isxdigit
  729  00001670          	_isxdigit:
  730                      ;  Function 'isxdigit'; 0 bytes of locals, 3 regs to save.
  731  00001670  afbefffc	sw	-4(r29),r30; push fp
  732  00001674  001df020	add	r30,r0,r29; fp = sp
  733  00001678  afbffff8	sw	-8(r29),r31; push ret addr
  734  0000167c  2fbd0018	subui	r29,r29,#24; alloc local storage
  735  00001680  afa20000	sw	0(r29),r2
  736  00001684  afa30004	sw	4(r29),r3
  737  00001688  afa40008	sw	8(r29),r4
  738  0000168c  83c20003	lb	r2,3(r30)
  739  00001690  20010000	addi	r1,r0,#0
  740  00001694  304300ff	andi	r3,r2,#0x00ff
  741  00001698  6c64002f	sgtui	r4,r3,#47
  742  0000169c  1080001c	beqz	r4,L7_LF2
  743  000016a0  54000000	nop; delay slot nop
  744  000016a4  304300ff	andi	r3,r2,#0x00ff
  745  000016a8  70640039	sleui	r4,r3,#57
  746  000016ac  1480005c	bnez	r4,L6_LF2
  747  000016b0  54000000	nop; delay slot nop
  748  000016b4  08000004	j	L7_LF2
  749  000016b8  54000000	nop; delay slot nop
  750  000016bc          	L7_LF2:
  751  000016bc  304300ff	andi	r3,r2,#0x00ff
  752  000016c0  6c640060	sgtui	r4,r3,#96
  753  000016c4  1080001c	beqz	r4,L8_LF2
  754  000016c8  54000000	nop; delay slot nop
  755  000016cc  304300ff	andi	r3,r2,#0x00ff
  756  000016d0  70640066	sleui	r4,r3,#102
  757  000016d4  14800034	bnez	r4,L6_LF2
  758  000016d8  54000000	nop; delay slot nop
  759  000016dc  08000004	j	L8_LF2
  760  000016e0  54000000	nop; delay slot nop
  761  000016e4          	L8_LF2:
  762  000016e4  304300ff	andi	r3,r2,#0x00ff
  763  000016e8  6c640040	sgtui	r4,r3,#64
  764  000016ec  10800020	beqz	r4,L5_LF2
  765  000016f0  54000000	nop; delay slot nop
  766  000016f4  304300ff	andi	r3,r2,#0x00ff
  767  000016f8  70640041	sleui	r4,r3,#65
  768  000016fc  1480000c	bnez	r4,L6_LF2
  769  00001700  54000000	nop; delay slot nop
  770  00001704  08000008	j	L5_LF2
  771  00001708  54000000	nop; delay slot nop
  772  0000170c          	L6_LF2:
  773  0000170c  20010001	addi	r1,r0,#1
  774  00001710          	L5_LF2:
  775  00001710  08000004	j	L4_LF2
  776  00001714  54000000	nop; delay slot nop
  777  00001718          	L4_LF2:
  778  00001718  8fa20000	lw	r2,0(r29)
  779  0000171c  8fa30004	lw	r3,4(r29)
  780  00001720  8fa40008	lw	r4,8(r29)
  781  00001724  8fdffff8	lw	r31,-8(r30)
  782  00001728  001ee820	add	r29,r0,r30
  783  0000172c  8fdefffc	lw	r30,-4(r30)
  784  00001730  4be00000	jr	r31
  785  00001734  54000000	nop
  786  00001738          	.endproc _isxdigit
  787  00001738          	.align 2
  788  00001738          	.proc _ceil
  789  00001738          	.global _ceil
  790  00001738          	_ceil:
  791                      ;  Function 'ceil'; 8 bytes of locals, 2 regs to save.
  792  00001738  afbefffc	sw	-4(r29),r30; push fp
  793  0000173c  001df020	add	r30,r0,r29; fp = sp
  794  00001740  afbffff8	sw	-8(r29),r31; push ret addr
  795  00001744  2fbd0018	subui	r29,r29,#24; alloc local storage
  796  00001748  afa20000	sw	0(r29),r2
  797  0000174c  bba20004	sf	4(r29),f2
  798  00001750  9bc00000	lf	f0,(r30)
  799  00001754  04001009	cvtf2i	f2,f0
  800  00001758  00400834	movfp2i	r1,f2
  802  0000175c  afc1fff4	sw	-12(r30),r1
  803  00001760  8fc1fff4	lw	r1,-12(r30)
  804  00001764  00200035	movi2fp	f0,r1
  805  00001768  0400000c	cvti2f	f0,f0
  806  0000176c  9bc10000	lf	f1,(r30)
  807  00001770  04200010	eqf	f1,f0
  808  00001774  1c000010	bfpf	L10_LF2
  809  00001778  54000000	nop; delay slot nop
  810  0000177c  8fc1fff4	lw	r1,-12(r30)
  811  00001780  08000018	j	L9_LF2
  812  00001784  54000000	nop; delay slot nop
  813  00001788          	L10_LF2:
  814  00001788  8fc1fff4	lw	r1,-12(r30)
  815  0000178c  20220001	addi	r2,r1,#1
  816  00001790  00020820	add	r1,r0,r2
  817  00001794  08000004	j	L9_LF2
  818  00001798  54000000	nop; delay slot nop
  819  0000179c          	L9_LF2:
  820  0000179c  8fa20000	lw	r2,0(r29)
  821  000017a0  9ba20004	lf	f2,4(r29)
  822  000017a4  8fdffff8	lw	r31,-8(r30)
  823  000017a8  001ee820	add	r29,r0,r30
  824  000017ac  8fdefffc	lw	r30,-4(r30)
  825  000017b0  4be00000	jr	r31
  826  000017b4  54000000	nop
  827  000017b8          	.endproc _ceil
  828  000017b8          	.align 2
  829  000017b8          	.proc _StrCmp
  830  000017b8          	.global _StrCmp
  831  000017b8          	_StrCmp:
  832                      ;  Function 'StrCmp'; 8 bytes of locals, 2 regs to save.
  833  000017b8  afbefffc	sw	-4(r29),r30; push fp
  834  000017bc  001df020	add	r30,r0,r29; fp = sp
  835  000017c0  afbffff8	sw	-8(r29),r31; push ret addr
  836  000017c4  2fbd0018	subui	r29,r29,#24; alloc local storage
  837  000017c8  afa20000	sw	0(r29),r2
  838  000017cc  afa30004	sw	4(r29),r3
  839  000017d0  20010000	addi	r1,r0,#0
  840  000017d4  afc1fff4	sw	-12(r30),r1
  841  000017d8          	L12_LF2:
  842  000017d8  8fc10000	lw	r1,(r30)
  843  000017dc  8fc2fff4	lw	r2,-12(r30)
  844  000017e0  00220820	add	r1,r1,r2
  845  000017e4  8fc20004	lw	r2,4(r30)
  846  000017e8  8fc3fff4	lw	r3,-12(r30)
  847  000017ec  00431020	add	r2,r2,r3
  848  000017f0  90210000	lbu	r1,(r1)
  849  000017f4  90420000	lbu	r2,(r2)
  850  000017f8  00220828	seq	r1,r1,r2
  851  000017fc  1420000c	bnez	r1,L14_LF2
  852  00001800  54000000	nop; delay slot nop
  853  00001804  08000044	j	L13_LF2
  854  00001808  54000000	nop; delay slot nop
  855  0000180c          	L14_LF2:
  856  0000180c  8fc10000	lw	r1,(r30)
  857  00001810  8fc2fff4	lw	r2,-12(r30)
  858  00001814  00220820	add	r1,r1,r2
  859  00001818  90220000	lbu	r2,(r1)
  860  0000181c  64410000	snei	r1,r2,#0
  861  00001820  14200010	bnez	r1,L15_LF2
  862  00001824  54000000	nop; delay slot nop
  863  00001828  20010001	addi	r1,r0,#1
  864  0000182c  08000028	j	L11_LF2
  865  00001830  54000000	nop; delay slot nop
  866  00001834          	L15_LF2:
  867  00001834  8fc2fff4	lw	r2,-12(r30)
  868  00001838  20410001	addi	r1,r2,#1
  869  0000183c  00011020	add	r2,r0,r1
  870  00001840  afc2fff4	sw	-12(r30),r2
  871  00001844  0bffff90	j	L12_LF2
  872  00001848  54000000	nop; delay slot nop
  873  0000184c          	L13_LF2:
  874  0000184c  20010000	addi	r1,r0,#0
  875  00001850  08000004	j	L11_LF2
  876  00001854  54000000	nop; delay slot nop
  877  00001858          	L11_LF2:
  878  00001858  8fa20000	lw	r2,0(r29)
  879  0000185c  8fa30004	lw	r3,4(r29)
  880  00001860  8fdffff8	lw	r31,-8(r30)
  881  00001864  001ee820	add	r29,r0,r30
  882  00001868  8fdefffc	lw	r30,-4(r30)
  883  0000186c  4be00000	jr	r31
  884  00001870  54000000	nop
  885  00001874          	.endproc _StrCmp
  886  00001874          	.align 2
  887  00001874          	.proc _dstrcpy
  888  00001874          	.global _dstrcpy
  889  00001874          	_dstrcpy:
  890                      ;  Function 'dstrcpy'; 8 bytes of locals, 2 regs to save.
  891  00001874  afbefffc	sw	-4(r29),r30; push fp
  892  00001878  001df020	add	r30,r0,r29; fp = sp
  893  0000187c  afbffff8	sw	-8(r29),r31; push ret addr
  894  00001880  2fbd0018	subui	r29,r29,#24; alloc local storage
  895  00001884  afa20000	sw	0(r29),r2
  896  00001888  afa30004	sw	4(r29),r3
  897  0000188c  8fc10000	lw	r1,(r30)
  898  00001890  afc1fff4	sw	-12(r30),r1
  899  00001894          	L17_LF2:
  900  00001894  8fc10000	lw	r1,(r30)
  901  00001898  20220001	addi	r2,r1,#1
  902  0000189c  afc20000	sw	(r30),r2
  903  000018a0  8fc20004	lw	r2,4(r30)
  904  000018a4  20430001	addi	r3,r2,#1
  905  000018a8  afc30004	sw	4(r30),r3
  906  000018ac  80420000	lb	r2,(r2)
  907  000018b0  a0220000	sb	(r1),r2
  908  000018b4  a3c2fff3	sb	-13(r30),r2
  909  000018b8          	L19_LF2:
  910  000018b8  93c1fff3	lbu	r1,-13(r30)
  911  000018bc  64220000	snei	r2,r1,#0
  912  000018c0  1440000c	bnez	r2,L20_LF2
  913  000018c4  54000000	nop; delay slot nop
  914  000018c8  0800000c	j	L18_LF2
  915  000018cc  54000000	nop; delay slot nop
  916  000018d0          	L20_LF2:
  917  000018d0  0bffffc0	j	L17_LF2
  918  000018d4  54000000	nop; delay slot nop
  919  000018d8          	L18_LF2:
  920  000018d8  8fc1fff4	lw	r1,-12(r30)
  921  000018dc  08000004	j	L16_LF2
  922  000018e0  54000000	nop; delay slot nop
  923  000018e4          	L16_LF2:
  924  000018e4  8fa20000	lw	r2,0(r29)
  925  000018e8  8fa30004	lw	r3,4(r29)
  926  000018ec  8fdffff8	lw	r31,-8(r30)
  927  000018f0  001ee820	add	r29,r0,r30
  928  000018f4  8fdefffc	lw	r30,-4(r30)
  929  000018f8  4be00000	jr	r31
  930  000018fc  54000000	nop
  931  00001900          	.endproc _dstrcpy
  932  00001900          	.align 2
  933  00001900          	.proc _dstrncpy
  934  00001900          	.global _dstrncpy
  935  00001900          	_dstrncpy:
  936                      ;  Function 'dstrncpy'; 8 bytes of locals, 2 regs to save.
  937  00001900  afbefffc	sw	-4(r29),r30; push fp
  938  00001904  001df020	add	r30,r0,r29; fp = sp
  939  00001908  afbffff8	sw	-8(r29),r31; push ret addr
  940  0000190c  2fbd0018	subui	r29,r29,#24; alloc local storage
  941  00001910  afa20000	sw	0(r29),r2
  942  00001914  afa30004	sw	4(r29),r3
  943  00001918  8fc10000	lw	r1,(r30)
  944  0000191c  afc1fff4	sw	-12(r30),r1
  945  00001920          	L22_LF2:
  946  00001920  8fc10008	lw	r1,8(r30)
  947  00001924  2022ffff	addi	r2,r1,#-1
  948  00001928  afc20008	sw	8(r30),r2
  949  0000192c  70210000	slei	r1,r1,#0
  950  00001930  1020000c	beqz	r1,L25_LF2
  951  00001934  54000000	nop; delay slot nop
  952  00001938  08000048	j	L23_LF2
  953  0000193c  54000000	nop; delay slot nop
  954  00001940          	L25_LF2:
  955  00001940  8fc10000	lw	r1,(r30)
  956  00001944  20220001	addi	r2,r1,#1
  957  00001948  afc20000	sw	(r30),r2
  958  0000194c  8fc20004	lw	r2,4(r30)
  959  00001950  20430001	addi	r3,r2,#1
  960  00001954  afc30004	sw	4(r30),r3
  961  00001958  80420000	lb	r2,(r2)
  962  0000195c  a0220000	sb	(r1),r2
  963  00001960  a3c2fff3	sb	-13(r30),r2
  964  00001964          	L24_LF2:
  965  00001964  93c1fff3	lbu	r1,-13(r30)
  966  00001968  64220000	snei	r2,r1,#0
  967  0000196c  1440000c	bnez	r2,L26_LF2
  968  00001970  54000000	nop; delay slot nop
  969  00001974  0800000c	j	L23_LF2
  970  00001978  54000000	nop; delay slot nop
  971  0000197c          	L26_LF2:
  972  0000197c  0bffffa0	j	L22_LF2
  973  00001980  54000000	nop; delay slot nop
  974  00001984          	L23_LF2:
  975  00001984  8fc1fff4	lw	r1,-12(r30)
  976  00001988  08000004	j	L21_LF2
  977  0000198c  54000000	nop; delay slot nop
  978  00001990          	L21_LF2:
  979  00001990  8fa20000	lw	r2,0(r29)
  980  00001994  8fa30004	lw	r3,4(r29)
  981  00001998  8fdffff8	lw	r31,-8(r30)
  982  0000199c  001ee820	add	r29,r0,r30
  983  000019a0  8fdefffc	lw	r30,-4(r30)
  984  000019a4  4be00000	jr	r31
  985  000019a8  54000000	nop
  986  000019ac          	.endproc _dstrncpy
  987  000019ac          	.align 2
  988  000019ac          	.proc _dstrcat
  989  000019ac          	.global _dstrcat
  990  000019ac          	_dstrcat:
  991                      ;  Function 'dstrcat'; 8 bytes of locals, 1 regs to save.
  992  000019ac  afbefffc	sw	-4(r29),r30; push fp
  993  000019b0  001df020	add	r30,r0,r29; fp = sp
  994  000019b4  afbffff8	sw	-8(r29),r31; push ret addr
  995  000019b8  2fbd0018	subui	r29,r29,#24; alloc local storage
  996  000019bc  afa20000	sw	0(r29),r2
  997  000019c0  8fc10000	lw	r1,(r30)
  998  000019c4  afc1fff4	sw	-12(r30),r1
  999  000019c8          	L28_LF2:
 1000  000019c8  8fc10000	lw	r1,(r30)
 1001  000019cc  90220000	lbu	r2,(r1)
 1002  000019d0  64410000	snei	r1,r2,#0
 1003  000019d4  1420000c	bnez	r1,L30_LF2
 1004  000019d8  54000000	nop; delay slot nop
 1005  000019dc  0800001c	j	L29_LF2
 1006  000019e0  54000000	nop; delay slot nop
 1007  000019e4          	L30_LF2:
 1008  000019e4  8fc20000	lw	r2,(r30)
 1009  000019e8  20410001	addi	r1,r2,#1
 1010  000019ec  00011020	add	r2,r0,r1
 1011  000019f0  afc20000	sw	(r30),r2
 1012  000019f4  0bffffd0	j	L28_LF2
 1013  000019f8  54000000	nop; delay slot nop
 1014  000019fc          	L29_LF2:
 1015  000019fc  23bdfff8	addi	r29,r29,#-8
 1016  00001a00  001d0820	add	r1,r0,r29
 1017  00001a04  8fc20000	lw	r2,(r30)
 1018  00001a08  ac220000	sw	(r1),r2
 1019  00001a0c  8fc20004	lw	r2,4(r30)
 1020  00001a10  ac220004	sw	4(r1),r2
 1021  00001a14  0ffffe5c	jal	_dstrcpy
 1022  00001a18  54000000	nop; delay slot nop
 1023  00001a1c  23bd0008	addi	r29,r29,#8
 1024  00001a20  8fc1fff4	lw	r1,-12(r30)
 1025  00001a24  08000004	j	L27_LF2
 1026  00001a28  54000000	nop; delay slot nop
 1027  00001a2c          	L27_LF2:
 1028  00001a2c  8fa20000	lw	r2,0(r29)
 1029  00001a30  8fdffff8	lw	r31,-8(r30)
 1030  00001a34  001ee820	add	r29,r0,r30
 1031  00001a38  8fdefffc	lw	r30,-4(r30)
 1032  00001a3c  4be00000	jr	r31
 1033  00001a40  54000000	nop
 1034  00001a44          	.endproc _dstrcat
 1035  00001a44          	.align 2
 1036  00001a44          	.proc _dstrncmp
 1037  00001a44          	.global _dstrncmp
 1038  00001a44          	_dstrncmp:
 1039                      ;  Function 'dstrncmp'; 8 bytes of locals, 2 regs to save.
 1040  00001a44  afbefffc	sw	-4(r29),r30; push fp
 1041  00001a48  001df020	add	r30,r0,r29; fp = sp
 1042  00001a4c  afbffff8	sw	-8(r29),r31; push ret addr
 1043  00001a50  2fbd0018	subui	r29,r29,#24; alloc local storage
 1044  00001a54  afa20000	sw	0(r29),r2
 1045  00001a58  afa30004	sw	4(r29),r3
 1046  00001a5c  54000000	nop
 1047  00001a60  20010000	addi	r1,r0,#0
 1048  00001a64  afc1fff4	sw	-12(r30),r1
 1049  00001a68          	L32_LF2:
 1050  00001a68  8fc1fff4	lw	r1,-12(r30)
 1051  00001a6c  8fc20008	lw	r2,8(r30)
 1052  00001a70  0022082a	slt	r1,r1,r2
 1053  00001a74  1420000c	bnez	r1,L35_LF2
 1054  00001a78  54000000	nop; delay slot nop
 1055  00001a7c  08000088	j	L33_LF2
 1056  00001a80  54000000	nop; delay slot nop
 1057  00001a84          	L35_LF2:
 1058  00001a84  8fc10004	lw	r1,4(r30)
 1059  00001a88  90220000	lbu	r2,(r1)
 1060  00001a8c  64410000	snei	r1,r2,#0
 1061  00001a90  14200018	bnez	r1,L36_LF2
 1062  00001a94  54000000	nop; delay slot nop
 1063  00001a98  20010000	addi	r1,r0,#0
 1064  00001a9c  080000d8	j	L31_LF2
 1065  00001aa0  54000000	nop; delay slot nop
 1066  00001aa4  08000028	j	L37_LF2
 1067  00001aa8  54000000	nop; delay slot nop
 1068  00001aac          	L36_LF2:
 1069  00001aac  8fc10000	lw	r1,(r30)
 1070  00001ab0  8fc20004	lw	r2,4(r30)
 1071  00001ab4  90210000	lbu	r1,(r1)
 1072  00001ab8  90420000	lbu	r2,(r2)
 1073  00001abc  00220829	sne	r1,r1,r2
 1074  00001ac0  1020000c	beqz	r1,L37_LF2
 1075  00001ac4  54000000	nop; delay slot nop
 1076  00001ac8  0800003c	j	L33_LF2
 1077  00001acc  54000000	nop; delay slot nop
 1078  00001ad0          	L38_LF2:
 1079  00001ad0          	L37_LF2:
 1080  00001ad0  8fc20000	lw	r2,(r30)
 1081  00001ad4  20410001	addi	r1,r2,#1
 1082  00001ad8  00011020	add	r2,r0,r1
 1083  00001adc  afc20000	sw	(r30),r2
 1084  00001ae0  8fc20004	lw	r2,4(r30)
 1085  00001ae4  20410001	addi	r1,r2,#1
 1086  00001ae8  00011020	add	r2,r0,r1
 1087  00001aec  afc20004	sw	4(r30),r2
 1088  00001af0          	L34_LF2:
 1089  00001af0  8fc2fff4	lw	r2,-12(r30)
 1090  00001af4  20410001	addi	r1,r2,#1
 1091  00001af8  00011020	add	r2,r0,r1
 1092  00001afc  afc2fff4	sw	-12(r30),r2
 1093  00001b00  0bffff64	j	L32_LF2
 1094  00001b04  54000000	nop; delay slot nop
 1095  00001b08          	L33_LF2:
 1096  00001b08  8fc1fff4	lw	r1,-12(r30)
 1097  00001b0c  8fc20008	lw	r2,8(r30)
 1098  00001b10  00220828	seq	r1,r1,r2
 1099  00001b14  10200018	beqz	r1,L39_LF2
 1100  00001b18  54000000	nop; delay slot nop
 1101  00001b1c  20010000	addi	r1,r0,#0
 1102  00001b20  08000054	j	L31_LF2
 1103  00001b24  54000000	nop; delay slot nop
 1104  00001b28  0800004c	j	L40_LF2
 1105  00001b2c  54000000	nop; delay slot nop
 1106  00001b30          	L39_LF2:
 1107  00001b30  8fc20000	lw	r2,(r30)
 1108  00001b34  90410000	lbu	r1,(r2)
 1109  00001b38  8fc20004	lw	r2,4(r30)
 1110  00001b3c  90430000	lbu	r3,(r2)
 1111  00001b40  00230822	sub	r1,r1,r3
 1112  00001b44  74220000	sgei	r2,r1,#0
 1113  00001b48  10400020	beqz	r2,L41_LF2
 1114  00001b4c  54000000	nop; delay slot nop
 1115  00001b50  8fc10000	lw	r1,(r30)
 1116  00001b54  8fc20004	lw	r2,4(r30)
 1117  00001b58  90210000	lbu	r1,(r1)
 1118  00001b5c  90420000	lbu	r2,(r2)
 1119  00001b60  00220829	sne	r1,r1,r2
 1120  00001b64  08000008	j	L42_LF2
 1121  00001b68  54000000	nop; delay slot nop
 1122  00001b6c          	L41_LF2:
 1123  00001b6c  2001ffff	addi	r1,r0,#-1
 1124  00001b70          	L42_LF2:
 1125  00001b70  08000004	j	L31_LF2
 1126  00001b74  54000000	nop; delay slot nop
 1127  00001b78          	L40_LF2:
 1128  00001b78          	L31_LF2:
 1129  00001b78  8fa20000	lw	r2,0(r29)
 1130  00001b7c  8fa30004	lw	r3,4(r29)
 1131  00001b80  8fdffff8	lw	r31,-8(r30)
 1132  00001b84  001ee820	add	r29,r0,r30
 1133  00001b88  8fdefffc	lw	r30,-4(r30)
 1134  00001b8c  4be00000	jr	r31
 1135  00001b90  54000000	nop
 1136  00001b94          	.endproc _dstrncmp
 1137  00001b94          	.align 2
 1138  00001b94          	.proc _dstrlen
 1139  00001b94          	.global _dstrlen
 1140  00001b94          	_dstrlen:
 1141                      ;  Function 'dstrlen'; 8 bytes of locals, 1 regs to save.
 1142  00001b94  afbefffc	sw	-4(r29),r30; push fp
 1143  00001b98  001df020	add	r30,r0,r29; fp = sp
 1144  00001b9c  afbffff8	sw	-8(r29),r31; push ret addr
 1145  00001ba0  2fbd0018	subui	r29,r29,#24; alloc local storage
 1146  00001ba4  afa20000	sw	0(r29),r2
 1147  00001ba8  20010000	addi	r1,r0,#0
 1148  00001bac  afc1fff4	sw	-12(r30),r1
 1149  00001bb0          	L44_LF2:
 1150  00001bb0  8fc10000	lw	r1,(r30)
 1151  00001bb4  20220001	addi	r2,r1,#1
 1152  00001bb8  afc20000	sw	(r30),r2
 1153  00001bbc  90210000	lbu	r1,(r1)
 1154  00001bc0  64220000	snei	r2,r1,#0
 1155  00001bc4  1440000c	bnez	r2,L46_LF2
 1156  00001bc8  54000000	nop; delay slot nop
 1157  00001bcc  0800001c	j	L45_LF2
 1158  00001bd0  54000000	nop; delay slot nop
 1159  00001bd4          	L46_LF2:
 1160  00001bd4  8fc2fff4	lw	r2,-12(r30)
 1161  00001bd8  20410001	addi	r1,r2,#1
 1162  00001bdc  00011020	add	r2,r0,r1
 1163  00001be0  afc2fff4	sw	-12(r30),r2
 1164  00001be4  0bffffc8	j	L44_LF2
 1165  00001be8  54000000	nop; delay slot nop
 1166  00001bec          	L45_LF2:
 1167  00001bec  8fc1fff4	lw	r1,-12(r30)
 1168  00001bf0  08000004	j	L43_LF2
 1169  00001bf4  54000000	nop; delay slot nop
 1170  00001bf8          	L43_LF2:
 1171  00001bf8  8fa20000	lw	r2,0(r29)
 1172  00001bfc  8fdffff8	lw	r31,-8(r30)
 1173  00001c00  001ee820	add	r29,r0,r30
 1174  00001c04  8fdefffc	lw	r30,-4(r30)
 1175  00001c08  4be00000	jr	r31
 1176  00001c0c  54000000	nop
 1177  00001c10          	.endproc _dstrlen
 1178  00001c10          	.align 2
 1179  00001c10          	.proc _dstrstr
 1180  00001c10          	.global _dstrstr
 1181  00001c10          	_dstrstr:
 1182                      ;  Function 'dstrstr'; 8 bytes of locals, 1 regs to save.
 1183  00001c10  afbefffc	sw	-4(r29),r30; push fp
 1184  00001c14  001df020	add	r30,r0,r29; fp = sp
 1185  00001c18  afbffff8	sw	-8(r29),r31; push ret addr
 1186  00001c1c  2fbd0018	subui	r29,r29,#24; alloc local storage
 1187  00001c20  afa20000	sw	0(r29),r2
 1188  00001c24  23bdfff8	addi	r29,r29,#-8
 1189  00001c28  001d0820	add	r1,r0,r29
 1190  00001c2c  8fc20004	lw	r2,4(r30)
 1191  00001c30  ac220000	sw	(r1),r2
 1192  00001c34  0fffff5c	jal	_dstrlen
 1193  00001c38  54000000	nop; delay slot nop
 1194  00001c3c  23bd0008	addi	r29,r29,#8
 1195  00001c40  afc1fff4	sw	-12(r30),r1
 1196  00001c44          	L48_LF2:
 1197  00001c44  8fc10000	lw	r1,(r30)
 1198  00001c48  90220000	lbu	r2,(r1)
 1199  00001c4c  64410000	snei	r1,r2,#0
 1200  00001c50  1420000c	bnez	r1,L50_LF2
 1201  00001c54  54000000	nop; delay slot nop
 1202  00001c58  08000060	j	L49_LF2
 1203  00001c5c  54000000	nop; delay slot nop
 1204  00001c60          	L50_LF2:
 1205  00001c60  23bdfff0	addi	r29,r29,#-16
 1206  00001c64  001d0820	add	r1,r0,r29
 1207  00001c68  8fc20000	lw	r2,(r30)
 1208  00001c6c  ac220000	sw	(r1),r2
 1209  00001c70  8fc20004	lw	r2,4(r30)
 1210  00001c74  ac220004	sw	4(r1),r2
 1211  00001c78  8fc2fff4	lw	r2,-12(r30)
 1212  00001c7c  ac220008	sw	8(r1),r2
 1213  00001c80  0ffffdc0	jal	_dstrncmp
 1214  00001c84  54000000	nop; delay slot nop
 1215  00001c88  23bd0010	addi	r29,r29,#16
 1216  00001c8c  64220000	snei	r2,r1,#0
 1217  00001c90  14400010	bnez	r2,L51_LF2
 1218  00001c94  54000000	nop; delay slot nop
 1219  00001c98  8fc10000	lw	r1,(r30)
 1220  00001c9c  08000028	j	L47_LF2
 1221  00001ca0  54000000	nop; delay slot nop
 1222  00001ca4          	L51_LF2:
 1223  00001ca4  8fc20000	lw	r2,(r30)
 1224  00001ca8  20410001	addi	r1,r2,#1
 1225  00001cac  00011020	add	r2,r0,r1
 1226  00001cb0  afc20000	sw	(r30),r2
 1227  00001cb4  0bffff8c	j	L48_LF2
 1228  00001cb8  54000000	nop; delay slot nop
 1229  00001cbc          	L49_LF2:
 1230  00001cbc  20010000	addi	r1,r0,#0
 1231  00001cc0  08000004	j	L47_LF2
 1232  00001cc4  54000000	nop; delay slot nop
 1233  00001cc8          	L47_LF2:
 1234  00001cc8  8fa20000	lw	r2,0(r29)
 1235  00001ccc  8fdffff8	lw	r31,-8(r30)
 1236  00001cd0  001ee820	add	r29,r0,r30
 1237  00001cd4  8fdefffc	lw	r30,-4(r30)
 1238  00001cd8  4be00000	jr	r31
 1239  00001cdc  54000000	nop
 1240  00001ce0          	.endproc _dstrstr
 1241  00001ce0          	.align 2
 1242  00001ce0          	.proc _dmindex
 1243  00001ce0          	.global _dmindex
 1244  00001ce0          	_dmindex:
 1245                      ;  Function 'dmindex'; 8 bytes of locals, 1 regs to save.
 1246  00001ce0  afbefffc	sw	-4(r29),r30; push fp
 1247  00001ce4  001df020	add	r30,r0,r29; fp = sp
 1248  00001ce8  afbffff8	sw	-8(r29),r31; push ret addr
 1249  00001cec  2fbd0018	subui	r29,r29,#24; alloc local storage
 1250  00001cf0  afa20000	sw	0(r29),r2
 1251  00001cf4  54000000	nop
 1252  00001cf8          	L53_LF2:
 1253  00001cf8  8fc10000	lw	r1,(r30)
 1254  00001cfc  90220000	lbu	r2,(r1)
 1255  00001d00  64410000	snei	r1,r2,#0
 1256  00001d04  1420000c	bnez	r1,L55_LF2
 1257  00001d08  54000000	nop; delay slot nop
 1258  00001d0c  08000070	j	L54_LF2
 1259  00001d10  54000000	nop; delay slot nop
 1260  00001d14          	L55_LF2:
 1261  00001d14  8fc10004	lw	r1,4(r30)
 1262  00001d18  afc1fff4	sw	-12(r30),r1
 1263  00001d1c          	L56_LF2:
 1264  00001d1c  8fc1fff4	lw	r1,-12(r30)
 1265  00001d20  90220000	lbu	r2,(r1)
 1266  00001d24  64410000	snei	r1,r2,#0
 1267  00001d28  1420000c	bnez	r1,L59_LF2
 1268  00001d2c  54000000	nop; delay slot nop
 1269  00001d30  08000044	j	L57_LF2
 1270  00001d34  54000000	nop; delay slot nop
 1271  00001d38          	L59_LF2:
 1272  00001d38  8fc10000	lw	r1,(r30)
 1273  00001d3c  8fc2fff4	lw	r2,-12(r30)
 1274  00001d40  90210000	lbu	r1,(r1)
 1275  00001d44  90420000	lbu	r2,(r2)
 1276  00001d48  00220828	seq	r1,r1,r2
 1277  00001d4c  10200010	beqz	r1,L58_LF2
 1278  00001d50  54000000	nop; delay slot nop
 1279  00001d54  8fc10000	lw	r1,(r30)
 1280  00001d58  08000030	j	L52_LF2
 1281  00001d5c  54000000	nop; delay slot nop
 1282  00001d60          	L60_LF2:
 1283  00001d60          	L58_LF2:
 1284  00001d60  8fc2fff4	lw	r2,-12(r30)
 1285  00001d64  20410001	addi	r1,r2,#1
 1286  00001d68  00011020	add	r2,r0,r1
 1287  00001d6c  afc2fff4	sw	-12(r30),r2
 1288  00001d70  0bffffa8	j	L56_LF2
 1289  00001d74  54000000	nop; delay slot nop
 1290  00001d78          	L57_LF2:
 1291  00001d78  0bffff7c	j	L53_LF2
 1292  00001d7c  54000000	nop; delay slot nop
 1293  00001d80          	L54_LF2:
 1294  00001d80  20010000	addi	r1,r0,#0
 1295  00001d84  08000004	j	L52_LF2
 1296  00001d88  54000000	nop; delay slot nop
 1297  00001d8c          	L52_LF2:
 1298  00001d8c  8fa20000	lw	r2,0(r29)
 1299  00001d90  8fdffff8	lw	r31,-8(r30)
 1300  00001d94  001ee820	add	r29,r0,r30
 1301  00001d98  8fdefffc	lw	r30,-4(r30)
 1302  00001d9c  4be00000	jr	r31
 1303  00001da0  54000000	nop
 1304  00001da4          	.endproc _dmindex
 1305  00001da4          	.align 2
 1306  00001da4          	.proc _dindex
 1307  00001da4          	.global _dindex
 1308  00001da4          	_dindex:
 1309                      ;  Function 'dindex'; 0 bytes of locals, 1 regs to save.
 1310  00001da4  afbefffc	sw	-4(r29),r30; push fp
 1311  00001da8  001df020	add	r30,r0,r29; fp = sp
 1312  00001dac  afbffff8	sw	-8(r29),r31; push ret addr
 1313  00001db0  2fbd0010	subui	r29,r29,#16; alloc local storage
 1314  00001db4  afa20000	sw	0(r29),r2
 1315  00001db8  54000000	nop
 1316  00001dbc          	L62_LF2:
 1317  00001dbc  8fc10000	lw	r1,(r30)
 1318  00001dc0  90220000	lbu	r2,(r1)
 1319  00001dc4  64410000	snei	r1,r2,#0
 1320  00001dc8  1420000c	bnez	r1,L64_LF2
 1321  00001dcc  54000000	nop; delay slot nop
 1322  00001dd0  08000040	j	L63_LF2
 1323  00001dd4  54000000	nop; delay slot nop
 1324  00001dd8          	L64_LF2:
 1325  00001dd8  8fc10000	lw	r1,(r30)
 1326  00001ddc  90220000	lbu	r2,(r1)
 1327  00001de0  8fc10004	lw	r1,4(r30)
 1328  00001de4  00411028	seq	r2,r2,r1
 1329  00001de8  10400010	beqz	r2,L65_LF2
 1330  00001dec  54000000	nop; delay slot nop
 1331  00001df0  8fc10000	lw	r1,(r30)
 1332  00001df4  08000028	j	L61_LF2
 1333  00001df8  54000000	nop; delay slot nop
 1334  00001dfc          	L65_LF2:
 1335  00001dfc  8fc20000	lw	r2,(r30)
 1336  00001e00  20410001	addi	r1,r2,#1
 1337  00001e04  00011020	add	r2,r0,r1
 1338  00001e08  afc20000	sw	(r30),r2
 1339  00001e0c  0bffffac	j	L62_LF2
 1340  00001e10  54000000	nop; delay slot nop
 1341  00001e14          	L63_LF2:
 1342  00001e14  20010000	addi	r1,r0,#0
 1343  00001e18  08000004	j	L61_LF2
 1344  00001e1c  54000000	nop; delay slot nop
 1345  00001e20          	L61_LF2:
 1346  00001e20  8fa20000	lw	r2,0(r29)
 1347  00001e24  8fdffff8	lw	r31,-8(r30)
 1348  00001e28  001ee820	add	r29,r0,r30
 1349  00001e2c  8fdefffc	lw	r30,-4(r30)
 1350  00001e30  4be00000	jr	r31
 1351  00001e34  54000000	nop
 1352  00001e38          	.endproc _dindex
 1353  00001e38          	.align 2
 1354  00001e38          	.proc _ditoa
 1355  00001e38          	.global _ditoa
 1356  00001e38          	_ditoa:
 1357                      ;  Function 'ditoa'; 8 bytes of locals, 2 regs to save.
 1358  00001e38  afbefffc	sw	-4(r29),r30; push fp
 1359  00001e3c  001df020	add	r30,r0,r29; fp = sp
 1360  00001e40  afbffff8	sw	-8(r29),r31; push ret addr
 1361  00001e44  2fbd0018	subui	r29,r29,#24; alloc local storage
 1362  00001e48  afa20000	sw	0(r29),r2
 1363  00001e4c  afa30004	sw	4(r29),r3
 1364  00001e50  8fc10000	lw	r1,(r30)
 1365  00001e54  68220000	slti	r2,r1,#0
 1366  00001e58  1040002c	beqz	r2,L67_LF2
 1367  00001e5c  54000000	nop; delay slot nop
 1368  00001e60  8fc10004	lw	r1,4(r30)
 1369  00001e64  20220001	addi	r2,r1,#1
 1370  00001e68  afc20004	sw	4(r30),r2
 1371  00001e6c  2002002d	addi	r2,r0,(#0x2d)&0xff
 1372  00001e70  a0220000	sb	(r1),r2
 1373  00001e74  8fc10000	lw	r1,(r30)
 1374  00001e78  00011022	sub	r2,r0,r1
 1375  00001e7c  afc20000	sw	(r30),r2
 1376  00001e80  08000118	j	L68_LF2
 1377  00001e84  54000000	nop; delay slot nop
 1378  00001e88          	L67_LF2:
 1379  00001e88  8fc10000	lw	r1,(r30)
 1380  00001e8c  64220000	snei	r2,r1,#0
 1381  00001e90  14400020	bnez	r2,L69_LF2
 1382  00001e94  54000000	nop; delay slot nop
 1383  00001e98  8fc10004	lw	r1,4(r30)
 1384  00001e9c  20220001	addi	r2,r1,#1
 1385  00001ea0  afc20004	sw	4(r30),r2
 1386  00001ea4  20020030	addi	r2,r0,(#0x30)&0xff
 1387  00001ea8  a0220000	sb	(r1),r2
 1388  00001eac  080000ec	j	L68_LF2
 1389  00001eb0  54000000	nop; delay slot nop
 1390  00001eb4          	L69_LF2:
 1391  00001eb4  20010001	addi	r1,r0,#1
 1392  00001eb8  afc1fff4	sw	-12(r30),r1
 1393  00001ebc          	L71_LF2:
 1394  00001ebc  8fc1fff4	lw	r1,-12(r30)
 1395  00001ec0  8fc20000	lw	r2,(r30)
 1396  00001ec4  0022082c	sle	r1,r1,r2
 1397  00001ec8  1420000c	bnez	r1,L73_LF2
 1398  00001ecc  54000000	nop; delay slot nop
 1399  00001ed0  08000024	j	L72_LF2
 1400  00001ed4  54000000	nop; delay slot nop
 1401  00001ed8          	L74_LF2:
 1402  00001ed8          	L73_LF2:
 1403  00001ed8  8fc1fff4	lw	r1,-12(r30)
 1404  00001edc  00011820	add	r3,r0,r1
 1405  00001ee0  50620002	slli	r2,r3,#0x2
 1406  00001ee4  00411020	add	r2,r2,r1
 1407  00001ee8  50410001	slli	r1,r2,#0x1
 1408  00001eec  afc1fff4	sw	-12(r30),r1
 1409  00001ef0  0bffffc8	j	L71_LF2
 1410  00001ef4  54000000	nop; delay slot nop
 1411  00001ef8          	L72_LF2:
 1412  00001ef8  54000000	nop
 1413  00001efc          	L75_LF2:
 1414  00001efc  8fc1fff4	lw	r1,-12(r30)
 1415  00001f00  2002000a	addi	r2,r0,#10
 1416  00001f04  00200035	movi2fp	f0,r1
 1417  00001f08  00400835	movi2fp	f1,r2
 1418  00001f0c  0401000f	div	f0,f0,f1
 1419  00001f10  00000834	movfp2i	r1,f0
 1420  00001f14  afc1fff4	sw	-12(r30),r1
 1421  00001f18  8fc10004	lw	r1,4(r30)
 1422  00001f1c  20220001	addi	r2,r1,#1
 1423  00001f20  afc20004	sw	4(r30),r2
 1424  00001f24  8fc20000	lw	r2,(r30)
 1425  00001f28  8fc3fff4	lw	r3,-12(r30)
 1426  00001f2c  00400035	movi2fp	f0,r2
 1427  00001f30  00600835	movi2fp	f1,r3
 1428  00001f34  0401000f	div	f0,f0,f1
 1429  00001f38  00001034	movfp2i	r2,f0
 1430  00001f3c  00021820	add	r3,r0,r2
 1431  00001f40  20620030	addi	r2,r3,#48
 1432  00001f44  a0220000	sb	(r1),r2
 1433  00001f48  8fc10000	lw	r1,(r30)
 1434  00001f4c  8fc3fff4	lw	r3,-12(r30)
 1435  00001f50  00200035	movi2fp	f0,r1
 1436  00001f54  00600835	movi2fp	f1,r3
 1437  00001f58  0401000f	div	f0,f0,f1
 1438  00001f5c  00001034	movfp2i	r2,f0
 1439  00001f60  8fc3fff4	lw	r3,-12(r30)
 1440  00001f64  00400035	movi2fp	f0,r2
 1441  00001f68  00600835	movi2fp	f1,r3
 1442  00001f6c  0401000e	mult	f0,f0,f1
 1443  00001f70  00001034	movfp2i	r2,f0
 1444  00001f74  00220822	sub	r1,r1,r2
 1445  00001f78  afc10000	sw	(r30),r1
 1446  00001f7c          	L77_LF2:
 1447  00001f7c  8fc1fff4	lw	r1,-12(r30)
 1448  00001f80  6c220001	sgti	r2,r1,#1
 1449  00001f84  1440000c	bnez	r2,L78_LF2
 1450  00001f88  54000000	nop; delay slot nop
 1451  00001f8c  0800000c	j	L68_LF2
 1452  00001f90  54000000	nop; delay slot nop
 1453  00001f94          	L78_LF2:
 1454  00001f94  0bffff64	j	L75_LF2
 1455  00001f98  54000000	nop; delay slot nop
 1456  00001f9c          	L76_LF2:
 1457  00001f9c          	L70_LF2:
 1458  00001f9c          	L68_LF2:
 1459  00001f9c  8fc10004	lw	r1,4(r30)
 1460  00001fa0  20020000	addi	r2,r0,(#0x0)&0xff
 1461  00001fa4  a0220000	sb	(r1),r2
 1462  00001fa8          	L66_LF2:
 1463  00001fa8  8fa20000	lw	r2,0(r29)
 1464  00001fac  8fa30004	lw	r3,4(r29)
 1465  00001fb0  8fdffff8	lw	r31,-8(r30)
 1466  00001fb4  001ee820	add	r29,r0,r30
 1467  00001fb8  8fdefffc	lw	r30,-4(r30)
 1468  00001fbc  4be00000	jr	r31
 1469  00001fc0  54000000	nop
 1470  00001fc4          	.endproc _ditoa
 1471  00001fc4          	.align 2
 1472  00001fc4          	.proc _dstrtol
 1473  00001fc4          	.global _dstrtol
 1474  00001fc4          	_dstrtol:
 1475                      ;  Function 'dstrtol'; 16 bytes of locals, 1 regs to save.
 1476  00001fc4  afbefffc	sw	-4(r29),r30; push fp
 1477  00001fc8  001df020	add	r30,r0,r29; fp = sp
 1478  00001fcc  afbffff8	sw	-8(r29),r31; push ret addr
 1479  00001fd0  2fbd0020	subui	r29,r29,#32; alloc local storage
 1480  00001fd4  afa20000	sw	0(r29),r2
 1481  00001fd8  20010000	addi	r1,r0,#0
 1482  00001fdc  afc1fff4	sw	-12(r30),r1
 1483  00001fe0          	L80_LF2:
 1484  00001fe0  8fc10000	lw	r1,(r30)
 1485  00001fe4  90220000	lbu	r2,(r1)
 1486  00001fe8  60410020	seqi	r1,r2,#32
 1487  00001fec  14200034	bnez	r1,L82_LF2
 1488  00001ff0  54000000	nop; delay slot nop
 1489  00001ff4  8fc10000	lw	r1,(r30)
 1490  00001ff8  90220000	lbu	r2,(r1)
 1491  00001ffc  60410009	seqi	r1,r2,#9
 1492  00002000  14200020	bnez	r1,L82_LF2
 1493  00002004  54000000	nop; delay slot nop
 1494  00002008  8fc10000	lw	r1,(r30)
 1495  0000200c  90220000	lbu	r2,(r1)
 1496  00002010  6041000a	seqi	r1,r2,#10
 1497  00002014  1420000c	bnez	r1,L82_LF2
 1498  00002018  54000000	nop; delay slot nop
 1499  0000201c  0800001c	j	L81_LF2
 1500  00002020  54000000	nop; delay slot nop
 1501  00002024          	L82_LF2:
 1502  00002024  8fc20000	lw	r2,(r30)
 1503  00002028  20410001	addi	r1,r2,#1
 1504  0000202c  00011020	add	r2,r0,r1
 1505  00002030  afc20000	sw	(r30),r2
 1506  00002034  0bffffa8	j	L80_LF2
 1507  00002038  54000000	nop; delay slot nop
 1508  0000203c          	L81_LF2:
 1509  0000203c  8fc10004	lw	r1,4(r30)
 1510  00002040  64220000	snei	r2,r1,#0
 1511  00002044  10400010	beqz	r2,L83_LF2
 1512  00002048  54000000	nop; delay slot nop
 1513  0000204c  8fc10004	lw	r1,4(r30)
 1514  00002050  8fc20000	lw	r2,(r30)
 1515  00002054  ac220000	sw	(r1),r2
 1516  00002058          	L83_LF2:
 1517  00002058  8fc10000	lw	r1,(r30)
 1518  0000205c  90220000	lbu	r2,(r1)
 1519  00002060  64410000	snei	r1,r2,#0
 1520  00002064  14200010	bnez	r1,L84_LF2
 1521  00002068  54000000	nop; delay slot nop
 1522  0000206c  8fc1fff4	lw	r1,-12(r30)
 1523  00002070  08000294	j	L79_LF2
 1524  00002074  54000000	nop; delay slot nop
 1525  00002078          	L84_LF2:
 1526  00002078  8fc10000	lw	r1,(r30)
 1527  0000207c  90220000	lbu	r2,(r1)
 1528  00002080  6041002d	seqi	r1,r2,#45
 1529  00002084  10200024	beqz	r1,L85_LF2
 1530  00002088  54000000	nop; delay slot nop
 1531  0000208c  2001ffff	addi	r1,r0,#-1
 1532  00002090  afc1ffec	sw	-20(r30),r1
 1533  00002094  8fc20000	lw	r2,(r30)
 1534  00002098  20410001	addi	r1,r2,#1
 1535  0000209c  00011020	add	r2,r0,r1
 1536  000020a0  afc20000	sw	(r30),r2
 1537  000020a4  0800000c	j	L86_LF2
 1538  000020a8  54000000	nop; delay slot nop
 1539  000020ac          	L85_LF2:
 1540  000020ac  20010001	addi	r1,r0,#1
 1541  000020b0  afc1ffec	sw	-20(r30),r1
 1542  000020b4          	L86_LF2:
 1543  000020b4  8fc10008	lw	r1,8(r30)
 1544  000020b8  64220000	snei	r2,r1,#0
 1545  000020bc  14400090	bnez	r2,L87_LF2
 1546  000020c0  54000000	nop; delay slot nop
 1547  000020c4  8fc10000	lw	r1,(r30)
 1548  000020c8  90220000	lbu	r2,(r1)
 1549  000020cc  60410030	seqi	r1,r2,#48
 1550  000020d0  10200074	beqz	r1,L88_LF2
 1551  000020d4  54000000	nop; delay slot nop
 1552  000020d8  8fc20000	lw	r2,(r30)
 1553  000020dc  20410001	addi	r1,r2,#1
 1554  000020e0  00011020	add	r2,r0,r1
 1555  000020e4  afc20000	sw	(r30),r2
 1556  000020e8  8fc10000	lw	r1,(r30)
 1557  000020ec  90220000	lbu	r2,(r1)
 1558  000020f0  60410078	seqi	r1,r2,#120
 1559  000020f4  14200020	bnez	r1,L90_LF2
 1560  000020f8  54000000	nop; delay slot nop
 1561  000020fc  8fc10000	lw	r1,(r30)
 1562  00002100  90220000	lbu	r2,(r1)
 1563  00002104  60410058	seqi	r1,r2,#88
 1564  00002108  1420000c	bnez	r1,L90_LF2
 1565  0000210c  54000000	nop; delay slot nop
 1566  00002110  08000024	j	L89_LF2
 1567  00002114  54000000	nop; delay slot nop
 1568  00002118          	L90_LF2:
 1569  00002118  20010010	addi	r1,r0,#16
 1570  0000211c  afc10008	sw	8(r30),r1
 1571  00002120  8fc20000	lw	r2,(r30)
 1572  00002124  20410001	addi	r1,r2,#1
 1573  00002128  00011020	add	r2,r0,r1
 1574  0000212c  afc20000	sw	(r30),r2
 1575  00002130  0800000c	j	L91_LF2
 1576  00002134  54000000	nop; delay slot nop
 1577  00002138          	L89_LF2:
 1578  00002138  20010008	addi	r1,r0,#8
 1579  0000213c  afc10008	sw	8(r30),r1
 1580  00002140          	L91_LF2:
 1581  00002140  0800000c	j	L87_LF2
 1582  00002144  54000000	nop; delay slot nop
 1583  00002148          	L88_LF2:
 1584  00002148  2001000a	addi	r1,r0,#10
 1585  0000214c  afc10008	sw	8(r30),r1
 1586  00002150          	L92_LF2:
 1587  00002150          	L87_LF2:
 1588  00002150  8fc10008	lw	r1,8(r30)
 1589  00002154  70220000	slei	r2,r1,#0
 1590  00002158  1440001c	bnez	r2,L94_LF2
 1591  0000215c  54000000	nop; delay slot nop
 1592  00002160  8fc10008	lw	r1,8(r30)
 1593  00002164  6c220010	sgti	r2,r1,#16
 1594  00002168  1440000c	bnez	r2,L94_LF2
 1595  0000216c  54000000	nop; delay slot nop
 1596  00002170  08000010	j	L93_LF2
 1597  00002174  54000000	nop; delay slot nop
 1598  00002178          	L94_LF2:
 1599  00002178  8fc1fff4	lw	r1,-12(r30)
 1600  0000217c  08000188	j	L79_LF2
 1601  00002180  54000000	nop; delay slot nop
 1602  00002184          	L93_LF2:
 1603  00002184  54000000	nop
 1604  00002188          	L95_LF2:
 1605  00002188  8fc10000	lw	r1,(r30)
 1606  0000218c  90220000	lbu	r2,(r1)
 1607  00002190  6c41002f	sgtui	r1,r2,#47
 1608  00002194  10200030	beqz	r1,L98_LF2
 1609  00002198  54000000	nop; delay slot nop
 1610  0000219c  8fc10000	lw	r1,(r30)
 1611  000021a0  90220000	lbu	r2,(r1)
 1612  000021a4  70410039	sleui	r1,r2,#57
 1613  000021a8  1020001c	beqz	r1,L98_LF2
 1614  000021ac  54000000	nop; delay slot nop
 1615  000021b0  8fc10000	lw	r1,(r30)
 1616  000021b4  90220000	lbu	r2,(r1)
 1617  000021b8  2041ffd0	addi	r1,r2,#-48
 1618  000021bc  afc1fff0	sw	-16(r30),r1
 1619  000021c0  0800008c	j	L99_LF2
 1620  000021c4  54000000	nop; delay slot nop
 1621  000021c8          	L98_LF2:
 1622  000021c8  8fc10000	lw	r1,(r30)
 1623  000021cc  90220000	lbu	r2,(r1)
 1624  000021d0  6c410060	sgtui	r1,r2,#96
 1625  000021d4  10200030	beqz	r1,L100_LF2
 1626  000021d8  54000000	nop; delay slot nop
 1627  000021dc  8fc10000	lw	r1,(r30)
 1628  000021e0  90220000	lbu	r2,(r1)
 1629  000021e4  7041007a	sleui	r1,r2,#122
 1630  000021e8  1020001c	beqz	r1,L100_LF2
 1631  000021ec  54000000	nop; delay slot nop
 1632  000021f0  8fc10000	lw	r1,(r30)
 1633  000021f4  90220000	lbu	r2,(r1)
 1634  000021f8  2041ffa9	addi	r1,r2,#-87
 1635  000021fc  afc1fff0	sw	-16(r30),r1
 1636  00002200  0800004c	j	L99_LF2
 1637  00002204  54000000	nop; delay slot nop
 1638  00002208          	L100_LF2:
 1639  00002208  8fc10000	lw	r1,(r30)
 1640  0000220c  90220000	lbu	r2,(r1)
 1641  00002210  6c410040	sgtui	r1,r2,#64
 1642  00002214  10200030	beqz	r1,L102_LF2
 1643  00002218  54000000	nop; delay slot nop
 1644  0000221c  8fc10000	lw	r1,(r30)
 1645  00002220  90220000	lbu	r2,(r1)
 1646  00002224  7041005a	sleui	r1,r2,#90
 1647  00002228  1020001c	beqz	r1,L102_LF2
 1648  0000222c  54000000	nop; delay slot nop
 1649  00002230  8fc10000	lw	r1,(r30)
 1650  00002234  90220000	lbu	r2,(r1)
 1651  00002238  2041ffc9	addi	r1,r2,#-55
 1652  0000223c  afc1fff0	sw	-16(r30),r1
 1653  00002240  0800000c	j	L99_LF2
 1654  00002244  54000000	nop; delay slot nop
 1655  00002248          	L102_LF2:
 1656  00002248  200103e8	addi	r1,r0,#1000
 1657  0000224c  afc1fff0	sw	-16(r30),r1
 1658  00002250          	L103_LF2:
 1659  00002250          	L101_LF2:
 1660  00002250          	L99_LF2:
 1661  00002250  8fc1fff0	lw	r1,-16(r30)
 1662  00002254  8fc20008	lw	r2,8(r30)
 1663  00002258  0022082a	slt	r1,r1,r2
 1664  0000225c  10200040	beqz	r1,L97_LF2
 1665  00002260  54000000	nop; delay slot nop
 1666  00002264  8fc1fff4	lw	r1,-12(r30)
 1667  00002268  8fc20008	lw	r2,8(r30)
 1668  0000226c  00200035	movi2fp	f0,r1
 1669  00002270  00400835	movi2fp	f1,r2
 1670  00002274  0401000e	mult	f0,f0,f1
 1671  00002278  00000834	movfp2i	r1,f0
 1672  0000227c  afc1fff4	sw	-12(r30),r1
 1673  00002280  8fc1fff4	lw	r1,-12(r30)
 1674  00002284  8fc2fff0	lw	r2,-16(r30)
 1675  00002288  00220820	add	r1,r1,r2
 1676  0000228c  afc1fff4	sw	-12(r30),r1
 1677  00002290  8fc20000	lw	r2,(r30)
 1678  00002294  20410001	addi	r1,r2,#1
 1679  00002298  00011020	add	r2,r0,r1
 1680  0000229c  afc20000	sw	(r30),r2
 1681  000022a0          	L104_LF2:
 1682  000022a0          	L97_LF2:
 1683  000022a0  8fc1fff0	lw	r1,-16(r30)
 1684  000022a4  8fc20008	lw	r2,8(r30)
 1685  000022a8  0022082a	slt	r1,r1,r2
 1686  000022ac  1420000c	bnez	r1,L105_LF2
 1687  000022b0  54000000	nop; delay slot nop
 1688  000022b4  0800000c	j	L96_LF2
 1689  000022b8  54000000	nop; delay slot nop
 1690  000022bc          	L105_LF2:
 1691  000022bc  0bfffec8	j	L95_LF2
 1692  000022c0  54000000	nop; delay slot nop
 1693  000022c4          	L96_LF2:
 1694  000022c4  8fc10004	lw	r1,4(r30)
 1695  000022c8  64220000	snei	r2,r1,#0
 1696  000022cc  10400010	beqz	r2,L106_LF2
 1697  000022d0  54000000	nop; delay slot nop
 1698  000022d4  8fc10004	lw	r1,4(r30)
 1699  000022d8  8fc20000	lw	r2,(r30)
 1700  000022dc  ac220000	sw	(r1),r2
 1701  000022e0          	L106_LF2:
 1702  000022e0  8fc1fff4	lw	r1,-12(r30)
 1703  000022e4  8fc2ffec	lw	r2,-20(r30)
 1704  000022e8  00200035	movi2fp	f0,r1
 1705  000022ec  00400835	movi2fp	f1,r2
 1706  000022f0  0401000e	mult	f0,f0,f1
 1707  000022f4  00000834	movfp2i	r1,f0
 1708  000022f8  afc1fff4	sw	-12(r30),r1
 1709  000022fc  8fc1fff4	lw	r1,-12(r30)
 1710  00002300  08000004	j	L79_LF2
 1711  00002304  54000000	nop; delay slot nop
 1712  00002308          	L79_LF2:
 1713  00002308  8fa20000	lw	r2,0(r29)
 1714  0000230c  8fdffff8	lw	r31,-8(r30)
 1715  00002310  001ee820	add	r29,r0,r30
 1716  00002314  8fdefffc	lw	r30,-4(r30)
 1717  00002318  4be00000	jr	r31
 1718  0000231c  54000000	nop
 1719  00002320          	.endproc _dstrtol
 1720  00002320          	.align 2
 1721  00002320          	.proc _bcopy
 1722  00002320          	.global _bcopy
 1723  00002320          	_bcopy:
 1724                      ;  Function 'bcopy'; 0 bytes of locals, 2 regs to save.
 1725  00002320  afbefffc	sw	-4(r29),r30; push fp
 1726  00002324  001df020	add	r30,r0,r29; fp = sp
 1727  00002328  afbffff8	sw	-8(r29),r31; push ret addr
 1728  0000232c  2fbd0010	subui	r29,r29,#16; alloc local storage
 1729  00002330  afa20000	sw	0(r29),r2
 1730  00002334  afa30004	sw	4(r29),r3
 1731  00002338  54000000	nop
 1732  0000233c          	L108_LF2:
 1733  0000233c  8fc10008	lw	r1,8(r30)
 1734  00002340  2022ffff	addi	r2,r1,#-1
 1735  00002344  afc20008	sw	8(r30),r2
 1736  00002348  6c210000	sgti	r1,r1,#0
 1737  0000234c  1420000c	bnez	r1,L110_LF2
 1738  00002350  54000000	nop; delay slot nop
 1739  00002354  0800002c	j	L109_LF2
 1740  00002358  54000000	nop; delay slot nop
 1741  0000235c          	L110_LF2:
 1742  0000235c  8fc10004	lw	r1,4(r30)
 1743  00002360  20220001	addi	r2,r1,#1
 1744  00002364  afc20004	sw	4(r30),r2
 1745  00002368  8fc20000	lw	r2,(r30)
 1746  0000236c  20430001	addi	r3,r2,#1
 1747  00002370  afc30000	sw	(r30),r3
 1748  00002374  80420000	lb	r2,(r2)
 1749  00002378  a0220000	sb	(r1),r2
 1750  0000237c  0bffffbc	j	L108_LF2
 1751  00002380  54000000	nop; delay slot nop
 1752  00002384          	L109_LF2:
 1753  00002384          	L107_LF2:
 1754  00002384  8fa20000	lw	r2,0(r29)
 1755  00002388  8fa30004	lw	r3,4(r29)
 1756  0000238c  8fdffff8	lw	r31,-8(r30)
 1757  00002390  001ee820	add	r29,r0,r30
 1758  00002394  8fdefffc	lw	r30,-4(r30)
 1759  00002398  4be00000	jr	r31
 1760  0000239c  54000000	nop
 1761  000023a0          	.endproc _bcopy
 1762  000023a0          	.align 2
 1763  000023a0          	.proc _bzero
 1764  000023a0          	.global _bzero
 1765  000023a0          	_bzero:
 1766                      ;  Function 'bzero'; 0 bytes of locals, 1 regs to save.
 1767  000023a0  afbefffc	sw	-4(r29),r30; push fp
 1768  000023a4  001df020	add	r30,r0,r29; fp = sp
 1769  000023a8  afbffff8	sw	-8(r29),r31; push ret addr
 1770  000023ac  2fbd0010	subui	r29,r29,#16; alloc local storage
 1771  000023b0  afa20000	sw	0(r29),r2
 1772  000023b4  54000000	nop
 1773  000023b8          	L112_LF2:
 1774  000023b8  8fc10004	lw	r1,4(r30)
 1775  000023bc  2022ffff	addi	r2,r1,#-1
 1776  000023c0  afc20004	sw	4(r30),r2
 1777  000023c4  6c210000	sgti	r1,r1,#0
 1778  000023c8  1420000c	bnez	r1,L114_LF2
 1779  000023cc  54000000	nop; delay slot nop
 1780  000023d0  08000020	j	L113_LF2
 1781  000023d4  54000000	nop; delay slot nop
 1782  000023d8          	L114_LF2:
 1783  000023d8  8fc10000	lw	r1,(r30)
 1784  000023dc  20220001	addi	r2,r1,#1
 1785  000023e0  afc20000	sw	(r30),r2
 1786  000023e4  20020000	addi	r2,r0,(#0x0)&0xff
 1787  000023e8  a0220000	sb	(r1),r2
 1788  000023ec  0bffffc8	j	L112_LF2
 1789  000023f0  54000000	nop; delay slot nop
 1790  000023f4          	L113_LF2:
 1791  000023f4          	L111_LF2:
 1792  000023f4  8fa20000	lw	r2,0(r29)
 1793  000023f8  8fdffff8	lw	r31,-8(r30)
 1794  000023fc  001ee820	add	r29,r0,r30
 1795  00002400  8fdefffc	lw	r30,-4(r30)
 1796  00002404  4be00000	jr	r31
 1797  00002408  54000000	nop
 1798  0000240c          	.endproc _bzero
 1799  0000240c          	.align 2
 1800  0000240c          	.proc _min
 1801  0000240c          	.global _min
 1802  0000240c          	_min:
 1803                      ;  Function 'min'; 0 bytes of locals, 2 regs to save.
 1804  0000240c  afbefffc	sw	-4(r29),r30; push fp
 1805  00002410  001df020	add	r30,r0,r29; fp = sp
 1806  00002414  afbffff8	sw	-8(r29),r31; push ret addr
 1807  00002418  2fbd0010	subui	r29,r29,#16; alloc local storage
 1808  0000241c  afa20000	sw	0(r29),r2
 1809  00002420  afa30004	sw	4(r29),r3
 1810  00002424  8fc10000	lw	r1,(r30)
 1811  00002428  8fc20004	lw	r2,4(r30)
 1812  0000242c  0022182c	sle	r3,r1,r2
 1813  00002430  14600008	bnez	r3,L116_LF2
 1814  00002434  54000000	nop; delay slot nop
 1815  00002438  8fc10004	lw	r1,4(r30)
 1816  0000243c          	L116_LF2:
 1817  0000243c  08000004	j	L115_LF2
 1818  00002440  54000000	nop; delay slot nop
 1819  00002444          	L115_LF2:
 1820  00002444  8fa20000	lw	r2,0(r29)
 1821  00002448  8fa30004	lw	r3,4(r29)
 1822  0000244c  8fdffff8	lw	r31,-8(r30)
 1823  00002450  001ee820	add	r29,r0,r30
 1824  00002454  8fdefffc	lw	r30,-4(r30)
 1825  00002458  4be00000	jr	r31
 1826  0000245c  54000000	nop
 1827  00002460          	.endproc _min
 1828  00002460          	.align 2
 1829  00002460          	.proc _max
 1830  00002460          	.global _max
 1831  00002460          	_max:
 1832                      ;  Function 'max'; 0 bytes of locals, 2 regs to save.
 1833  00002460  afbefffc	sw	-4(r29),r30; push fp
 1834  00002464  001df020	add	r30,r0,r29; fp = sp
 1835  00002468  afbffff8	sw	-8(r29),r31; push ret addr
 1836  0000246c  2fbd0010	subui	r29,r29,#16; alloc local storage
 1837  00002470  afa20000	sw	0(r29),r2
 1838  00002474  afa30004	sw	4(r29),r3
 1839  00002478  8fc10000	lw	r1,(r30)
 1840  0000247c  8fc20004	lw	r2,4(r30)
 1841  00002480  0022182d	sge	r3,r1,r2
 1842  00002484  14600008	bnez	r3,L118_LF2
 1843  00002488  54000000	nop; delay slot nop
 1844  0000248c  8fc10004	lw	r1,4(r30)
 1845  00002490          	L118_LF2:
 1846  00002490  08000004	j	L117_LF2
 1847  00002494  54000000	nop; delay slot nop
 1848  00002498          	L117_LF2:
 1849  00002498  8fa20000	lw	r2,0(r29)
 1850  0000249c  8fa30004	lw	r3,4(r29)
 1851  000024a0  8fdffff8	lw	r31,-8(r30)
 1852  000024a4  001ee820	add	r29,r0,r30
 1853  000024a8  8fdefffc	lw	r30,-4(r30)
 1854  000024ac  4be00000	jr	r31
 1855  000024b0  54000000	nop
 1856  000024b4          	.endproc _max
 1857                      ;;; Ethan L. Miller, 1999.  Released to the public domain
 1858                      ;;;
 1859                      ;;; Most of the traps are called in files from libtraps.
 1862  000024b4          	.align 2
 1863  000024b4          	.proc _exit
 1864  000024b4          	.global _exit
 1865  000024b4          	_exit:
 1866  000024b4  44000300	trap	#0x300
 1867  000024b8  4be00000	jr	r31
 1868  000024bc  54000000	nop
 1869  000024c0          	.endproc _exit
 1871                      ; for the benefit of gcc.
 1872  000024c0          	.proc ___main
 1873  000024c0          	.global ___main
 1874  000024c0          	___main:
 1875  000024c0  4be00000	jr	r31
 1876  000024c4  54000000	nop
 1877  000024c8          	.endproc ___main
 1878  000024c8          	.text
 1879  000024c8          	.global _etext
 1880  000024c8          	_etext:
 1881  000024c8          	.align 3
 1882  000024c8          	.data
 1883  00003079          	.global _edata
 1884  00003079          	_edata:
